TN:
SF:/home/donald/Desktop/nyu/appsec/nyuappsec/assignment1/giftcardreader.c
FN:16,animate
FN:76,print_gift_card_info
FN:112,gift_card_json
FN:161,get_gift_card_value
FN:181,gift_card_reader
FN:273,main
FNDA:2,animate
FNDA:2,print_gift_card_info
FNDA:0,gift_card_json
FNDA:2,get_gift_card_value
FNDA:3,gift_card_reader
FNDA:3,main
FNF:6
FNH:5
DA:16,2
DA:18,2
DA:19,2
DA:20,2
DA:21,2
DA:22,2
DA:23,2
DA:24,1084
DA:26,1086
DA:27,1086
DA:28,1086
DA:29,1086
DA:30,24
DA:31,24
DA:32,1
DA:33,1
DA:34,1
DA:35,25
DA:36,25
DA:37,25
DA:38,27
DA:40,27
DA:41,25
DA:43,27
DA:44,1
DA:45,1
DA:46,1
DA:47,0
DA:48,0
DA:49,0
DA:50,0
DA:51,0
DA:52,0
DA:53,0
DA:54,0
DA:55,0
DA:56,0
DA:57,0
DA:58,0
DA:59,0
DA:60,1000
DA:61,1000
DA:62,1000
DA:63,1
DA:64,1
DA:65,1
DA:67,1086
DA:69,1086
DA:70,1086
DA:72,2
DA:73,2
DA:76,2
DA:82,2
DA:83,2
DA:84,2
DA:85,2
DA:86,6
DA:87,4
DA:88,4
DA:89,0
DA:90,0
DA:91,0
DA:92,0
DA:93,0
DA:96,4
DA:97,0
DA:98,0
DA:100,4
DA:101,2
DA:102,2
DA:103,2
DA:104,2
DA:105,2
DA:108,2
DA:109,2
DA:112,0
DA:116,0
DA:117,0
DA:118,0
DA:119,0
DA:120,0
DA:121,0
DA:122,0
DA:123,0
DA:124,0
DA:125,0
DA:126,0
DA:127,0
DA:128,0
DA:129,0
DA:130,0
DA:133,0
DA:134,0
DA:135,0
DA:137,0
DA:138,0
DA:139,0
DA:140,0
DA:142,0
DA:144,0
DA:146,0
DA:147,0
DA:148,0
DA:150,0
DA:152,0
DA:153,0
DA:155,0
DA:157,0
DA:158,0
DA:159,0
DA:161,2
DA:165,2
DA:167,2
DA:168,6
DA:169,4
DA:170,4
DA:171,0
DA:172,0
DA:175,2
DA:181,3
DA:183,3
DA:189,8
DA:193,3
DA:196,3
DA:197,1
DA:198,1
DA:200,2
DA:201,2
DA:203,2
DA:205,2
DA:206,2
DA:207,2
DA:209,2
DA:210,2
DA:212,2
DA:213,2
DA:215,2
DA:218,8
DA:221,6
DA:223,6
DA:225,6
DA:227,6
DA:229,6
DA:231,6
DA:232,6
DA:236,6
DA:237,0
DA:238,0
DA:244,0
DA:245,0
DA:248,6
DA:249,0
DA:252,0
DA:256,6
DA:257,2
DA:258,2
DA:259,2
DA:260,2
DA:261,2
DA:262,2
DA:263,2
DA:267,2
DA:273,3
DA:275,3
DA:276,3
DA:277,2
DA:278,0
DA:280,2
LF:168
LH:104
end_of_record
