TN:
SF:/home/donald/Desktop/nyu/appsec/nyuappsec/assignment1/giftcardreader.c
FN:16,animate
FN:76,print_gift_card_info
FN:112,gift_card_json
FN:161,get_gift_card_value
FN:181,gift_card_reader
FN:273,main
FNDA:4,animate
FNDA:4,print_gift_card_info
FNDA:3,gift_card_json
FNDA:7,get_gift_card_value
FNDA:10,gift_card_reader
FNDA:10,main
FNF:6
FNH:6
DA:16,4
DA:18,4
DA:19,4
DA:20,4
DA:21,4
DA:22,4
DA:23,4
DA:24,2168
DA:26,2172
DA:27,2172
DA:28,2172
DA:29,2172
DA:30,48
DA:31,48
DA:32,2
DA:33,2
DA:34,2
DA:35,50
DA:36,50
DA:37,50
DA:38,54
DA:40,54
DA:41,50
DA:43,54
DA:44,1
DA:45,1
DA:46,1
DA:47,0
DA:48,0
DA:49,0
DA:50,0
DA:51,0
DA:52,0
DA:53,0
DA:54,0
DA:55,0
DA:56,0
DA:57,0
DA:58,0
DA:59,0
DA:60,2000
DA:61,2000
DA:62,2000
DA:63,2
DA:64,2
DA:65,2
DA:67,2172
DA:69,2172
DA:70,2172
DA:72,4
DA:73,4
DA:76,4
DA:82,4
DA:83,4
DA:84,4
DA:85,4
DA:86,12
DA:87,8
DA:88,8
DA:89,0
DA:90,0
DA:91,0
DA:92,0
DA:93,0
DA:96,8
DA:97,0
DA:98,0
DA:100,8
DA:101,4
DA:102,4
DA:103,4
DA:104,4
DA:105,4
DA:108,4
DA:109,4
DA:112,3
DA:116,3
DA:117,3
DA:118,3
DA:119,3
DA:120,3
DA:121,3
DA:122,8
DA:123,5
DA:124,5
DA:125,5
DA:126,1
DA:127,1
DA:128,1
DA:129,1
DA:130,1
DA:133,4
DA:134,0
DA:135,0
DA:137,4
DA:138,2
DA:139,2
DA:140,2
DA:142,2
DA:144,2
DA:146,514
DA:147,512
DA:148,512
DA:150,2
DA:152,5
DA:153,2
DA:155,3
DA:157,3
DA:158,3
DA:159,3
DA:161,7
DA:165,7
DA:167,7
DA:168,20
DA:169,13
DA:170,13
DA:171,1
DA:172,1
DA:175,7
DA:181,10
DA:183,10
DA:189,27
DA:193,10
DA:196,10
DA:197,3
DA:198,3
DA:200,7
DA:201,7
DA:203,7
DA:205,7
DA:206,7
DA:207,7
DA:209,7
DA:210,7
DA:212,7
DA:213,7
DA:215,7
DA:218,27
DA:221,20
DA:223,20
DA:225,20
DA:227,20
DA:229,20
DA:231,20
DA:232,20
DA:236,20
DA:237,1
DA:238,1
DA:244,1
DA:245,1
DA:248,20
DA:249,0
DA:252,0
DA:256,20
DA:257,6
DA:258,6
DA:259,6
DA:260,6
DA:261,6
DA:262,6
DA:263,6
DA:267,7
DA:273,10
DA:275,10
DA:276,10
DA:277,7
DA:278,3
DA:280,7
LF:168
LH:144
end_of_record
